#
# There is insufficient memory for the Java Runtime Environment to continue.
# Native memory allocation (mmap) failed to map 100663296 bytes for Failed to commit area from 0x00000000a0e00000 to 0x00000000a6e00000 of length 100663296.
# Possible reasons:
#   The system is out of physical RAM or swap space
#   The process is running with CompressedOops enabled, and the Java Heap may be blocking the growth of the native heap
# Possible solutions:
#   Reduce memory load on the system
#   Increase physical memory or swap space
#   Check if swap backing store is full
#   Decrease Java heap size (-Xmx/-Xms)
#   Decrease number of Java threads
#   Decrease Java thread stack sizes (-Xss)
#   Set larger code cache with -XX:ReservedCodeCacheSize=
# This output file may be truncated or incomplete.
#
#  Out of Memory Error (t:/workspace/open/src/hotspot/os/windows/os_windows.cpp:3301), pid=13456, tid=15688
#
# JRE version:  (13.0.1+9) (build )
# Java VM: Java HotSpot(TM) 64-Bit Server VM (13.0.1+9, mixed mode, aot, sharing, tiered, compressed oops, g1 gc, windows-amd64)
# No core dump will be written. Minidumps are not enabled by default on client versions of Windows
#

---------------  S U M M A R Y ------------

Command Line: --enable-preview -javaagent:C:\Program Files\JetBrains\IntelliJ IDEA Community Edition 2019.3.1\lib\idea_rt.jar=50820:C:\Program Files\JetBrains\IntelliJ IDEA Community Edition 2019.3.1\bin -Dfile.encoding=UTF-8 main.Main

Host: Intel(R) Core(TM) i5-3350P CPU @ 3.10GHz, 4 cores, 5G,  Windows 10 , 64 bit Build 17763 (10.0.17763.475)
Time: Sat Jan  4 07:51:07 2020 GTB Standard Time elapsed time: 0 seconds (0d 0h 0m 0s)

---------------  T H R E A D  ---------------

Current thread (0x00000275cca2e800):  JavaThread "Unknown thread" [_thread_in_vm, id=15688, stack(0x000000a6d7100000,0x000000a6d7200000)]

Stack: [0x000000a6d7100000,0x000000a6d7200000]
Native frames: (J=compiled Java code, j=interpreted, Vv=VM code, C=native code)
V  [jvm.dll+0x626eca]
V  [jvm.dll+0x772c6a]
V  [jvm.dll+0x77441f]
V  [jvm.dll+0x774a23]
V  [jvm.dll+0x24da58]
V  [jvm.dll+0x62438a]
V  [jvm.dll+0x618f75]
V  [jvm.dll+0x30c61c]
V  [jvm.dll+0x30c452]
V  [jvm.dll+0x311bc6]
V  [jvm.dll+0x355ce6]
V  [jvm.dll+0x3554c0]
V  [jvm.dll+0x2e729a]
V  [jvm.dll+0x2e8532]
V  [jvm.dll+0x74fcd8]
V  [jvm.dll+0x363739]
V  [jvm.dll+0x732dc5]
V  [jvm.dll+0x3ce2ef]
V  [jvm.dll+0x3d0611]
C  [jli.dll+0x51ff]
C  [ucrtbase.dll+0x21ffa]
C  [KERNEL32.DLL+0x17974]
C  [ntdll.dll+0x6a271]


---------------  P R O C E S S  ---------------

Threads class SMR info:
_java_thread_list=0x00007ffe64f246b8, length=0, elements={
}

Java Threads: ( => current thread )

Other Threads:
  0x00000275cca69000 GCTaskThread "GC Thread#0" [stack: 0x000000a6d7200000,0x000000a6d7300000] [id=11188]
  0x00000275cca76800 ConcurrentGCThread "G1 Main Marker" [stack: 0x000000a6d7300000,0x000000a6d7400000] [id=11820]
  0x00000275cca79800 ConcurrentGCThread "G1 Conc#0" [stack: 0x000000a6d7400000,0x000000a6d7500000] [id=16296]

[error occurred during error reporting (printing all threads), id 0xc0000005, EXCEPTION_ACCESS_VIOLATION (0xc0000005) at pc=0x00007ffe64756f67]

VM state:not at safepoint (not fully initialized)

VM Mutex/Monitor currently owned by a thread:  ([mutex/lock_event])
[0x00000275cca2ad50] Heap_lock - owner thread: 0x00000275cca2e800

Heap address: 0x00000000a0e00000, size: 1522 MB, Compressed Oops mode: Non-zero based: 0x00000000a0e00000
Narrow klass base: 0x0000000000000000, Narrow klass shift: 0

GC Heap History (0 events):
No events

Deoptimization events (0 events):
No events

Classes unloaded (0 events):
No events

Classes redefined (0 events):
No events

Internal exceptions (0 events):
No events

Events (8 events):
Event: 0.042 Loaded shared library C:\Program Files\Java\jdk-13.0.1\bin\zip.dll
Event: 0.042 Loaded shared library C:\Program Files\Java\jdk-13.0.1\bin\jimage.dll
Event: 0.044 Loading shared library C:\Program Files\Java\jdk-13.0.1\lib\libjava.base-coop.dll failed, error code 126
Event: 0.044 Loading shared library C:\Program Files\Java\jdk-13.0.1\lib\libjava.logging-coop.dll failed, error code 126
Event: 0.046 Loading shared library C:\Program Files\Java\jdk-13.0.1\lib\libjdk.compiler-coop.dll failed, error code 126
Event: 0.046 Loading shared library C:\Program Files\Java\jdk-13.0.1\lib\libjdk.scripting.nashorn-coop.dll failed, error code 126
Event: 0.046 Loading shared library C:\Program Files\Java\jdk-13.0.1\lib\libjdk.internal.vm.ci-coop.dll failed, error code 126
Event: 0.046 Loading shared library C:\Program Files\Java\jdk-13.0.1\lib\libjdk.internal.vm.compiler-coop.dll failed, error code 126


Dynamic libraries:
0x00007ff7c20c0000 - 0x00007ff7c20cf000 	C:\Program Files\Java\jdk-13.0.1\bin\java.exe
0x00007ffebfcc0000 - 0x00007ffebfead000 	C:\WINDOWS\SYSTEM32\ntdll.dll
0x00007ffebf8e0000 - 0x00007ffebf993000 	C:\WINDOWS\System32\KERNEL32.DLL
0x00007ffebc9f0000 - 0x00007ffebcc83000 	C:\WINDOWS\System32\KERNELBASE.dll
0x00007ffebcd60000 - 0x00007ffebce5a000 	C:\WINDOWS\System32\ucrtbase.dll
0x00007ffeb5c90000 - 0x00007ffeb5ca8000 	C:\Program Files\Java\jdk-13.0.1\bin\jli.dll
0x00007ffeb3b00000 - 0x00007ffeb3b15000 	C:\Program Files\Java\jdk-13.0.1\bin\VCRUNTIME140.dll
0x00007ffebf820000 - 0x00007ffebf8c3000 	C:\WINDOWS\System32\ADVAPI32.dll
0x00007ffebe4b0000 - 0x00007ffebe54e000 	C:\WINDOWS\System32\msvcrt.dll
0x00007ffebea90000 - 0x00007ffebeb2e000 	C:\WINDOWS\System32\sechost.dll
0x00007ffebfa20000 - 0x00007ffebfb42000 	C:\WINDOWS\System32\RPCRT4.dll
0x00007ffebef10000 - 0x00007ffebf0a7000 	C:\WINDOWS\System32\USER32.dll
0x00007ffebcd40000 - 0x00007ffebcd60000 	C:\WINDOWS\System32\win32u.dll
0x00007ffebeb30000 - 0x00007ffebeb59000 	C:\WINDOWS\System32\GDI32.dll
0x00007ffebc850000 - 0x00007ffebc9e9000 	C:\WINDOWS\System32\gdi32full.dll
0x00007ffebc740000 - 0x00007ffebc7e0000 	C:\WINDOWS\System32\msvcp_win.dll
0x00007ffea7e00000 - 0x00007ffea8079000 	C:\WINDOWS\WinSxS\amd64_microsoft.windows.common-controls_6595b64144ccf1df_6.0.17763.914_none_05b346b2072102f2\COMCTL32.dll
0x00007ffebe5d0000 - 0x00007ffebe8fc000 	C:\WINDOWS\System32\combase.dll
0x00007ffebce60000 - 0x00007ffebcede000 	C:\WINDOWS\System32\bcryptPrimitives.dll
0x00007ffeb6720000 - 0x00007ffeb672a000 	C:\WINDOWS\SYSTEM32\VERSION.dll
0x00007ffebeee0000 - 0x00007ffebef0e000 	C:\WINDOWS\System32\IMM32.DLL
0x00007ffe90fe0000 - 0x00007ffe9107b000 	C:\Program Files\Java\jdk-13.0.1\bin\msvcp140.dll
0x00007ffe64460000 - 0x00007ffe64fc6000 	C:\Program Files\Java\jdk-13.0.1\bin\server\jvm.dll
0x00007ffebf8d0000 - 0x00007ffebf8d8000 	C:\WINDOWS\System32\PSAPI.DLL
0x00007ffeaa9a0000 - 0x00007ffeaa9a9000 	C:\WINDOWS\SYSTEM32\WSOCK32.dll
0x00007ffeb9d90000 - 0x00007ffeb9db4000 	C:\WINDOWS\SYSTEM32\WINMM.dll
0x00007ffebf0b0000 - 0x00007ffebf11d000 	C:\WINDOWS\System32\WS2_32.dll
0x00007ffeb9a10000 - 0x00007ffeb9a3d000 	C:\WINDOWS\SYSTEM32\WINMMBASE.dll
0x00007ffebc7e0000 - 0x00007ffebc82a000 	C:\WINDOWS\System32\cfgmgr32.dll
0x00007ffebbcb0000 - 0x00007ffebbcc1000 	C:\WINDOWS\System32\kernel.appcore.dll
0x00007ffeb5c80000 - 0x00007ffeb5c90000 	C:\Program Files\Java\jdk-13.0.1\bin\verify.dll
0x00007ffeaa7b0000 - 0x00007ffeaa99d000 	C:\WINDOWS\SYSTEM32\DBGHELP.DLL
0x00007ffeaa760000 - 0x00007ffeaa78a000 	C:\WINDOWS\SYSTEM32\dbgcore.DLL
0x00007ffea9c80000 - 0x00007ffea9ca6000 	C:\Program Files\Java\jdk-13.0.1\bin\java.dll
0x00007ffeb86e0000 - 0x00007ffeb86ee000 	C:\Program Files\Java\jdk-13.0.1\bin\instrument.dll
0x00007ffea9c60000 - 0x00007ffea9c77000 	C:\Program Files\Java\jdk-13.0.1\bin\zip.dll
0x00007ffeacd50000 - 0x00007ffeacd5a000 	C:\Program Files\Java\jdk-13.0.1\bin\jimage.dll

dbghelp: loaded successfully - version: 4.0.5 - missing functions: none
symbol engine: initialized successfully - sym options: 0x614 - pdb path: .;C:\Program Files\Java\jdk-13.0.1\bin;C:\WINDOWS\SYSTEM32;C:\WINDOWS\WinSxS\amd64_microsoft.windows.common-controls_6595b64144ccf1df_6.0.17763.914_none_05b346b2072102f2;C:\Program Files\Java\jdk-13.0.1\bin\server

VM Arguments:
jvm_args: --enable-preview -javaagent:C:\Program Files\JetBrains\IntelliJ IDEA Community Edition 2019.3.1\lib\idea_rt.jar=50820:C:\Program Files\JetBrains\IntelliJ IDEA Community Edition 2019.3.1\bin -Dfile.encoding=UTF-8 
java_command: main.Main
java_class_path (initial): C:\Users\cristina\IdeaProjects\streamtest\target\classes
Launcher Type: SUN_STANDARD

[Global flags]
     intx CICompilerCount                          = 3                                         {product} {ergonomic}
     uint ConcGCThreads                            = 1                                         {product} {ergonomic}
     uint G1ConcRefinementThreads                  = 4                                         {product} {ergonomic}
   size_t G1HeapRegionSize                         = 1048576                                   {product} {ergonomic}
    uintx GCDrainStackTargetSize                   = 64                                        {product} {ergonomic}
   size_t InitialHeapSize                          = 100663296                                 {product} {ergonomic}
   size_t MarkStackSize                            = 4194304                                   {product} {ergonomic}
   size_t MaxHeapSize                              = 1595932672                                {product} {ergonomic}
   size_t MinHeapDeltaBytes                        = 1048576                                   {product} {ergonomic}
   size_t MinHeapSize                              = 8388608                                   {product} {ergonomic}
    uintx NonNMethodCodeHeapSize                   = 5830732                                {pd product} {ergonomic}
    uintx NonProfiledCodeHeapSize                  = 122913754                              {pd product} {ergonomic}
    uintx ProfiledCodeHeapSize                     = 122913754                              {pd product} {ergonomic}
    uintx ReservedCodeCacheSize                    = 251658240                              {pd product} {ergonomic}
     bool SegmentedCodeCache                       = true                                      {product} {ergonomic}
   size_t SoftMaxHeapSize                          = 1595932672                             {manageable} {ergonomic}
     bool UseCompressedClassPointers               = true                                 {lp64_product} {ergonomic}
     bool UseCompressedOops                        = true                                 {lp64_product} {ergonomic}
     bool UseG1GC                                  = true                                      {product} {ergonomic}
     bool UseLargePagesIndividualAllocation        = false                                  {pd product} {ergonomic}

Logging:
Log output configuration:
 #0: stdout all=warning uptime,level,tags
 #1: stderr all=off uptime,level,tags

Environment Variables:
PATH=C:\Program Files (x86)\Common Files\Oracle\Java\javapath;C:\ProgramData\Oracle\Java\javapath;C:\Program Files (x86)\AMD APP\bin\x86_64;C:\Program Files (x86)\AMD APP\bin\x86;c:\Program Files (x86)\Intel\iCLS Client\;c:\Program Files\Intel\iCLS Client\;C:\WINDOWS\system32;C:\WINDOWS;C:\WINDOWS\System32\Wbem;C:\WINDOWS\System32\WindowsPowerShell\v1.0\;C:\Program Files (x86)\ATI Technologies\ATI.ACE\Core-Static;C:\Program Files (x86)\Windows Live\Shared;C:\Program Files\Intel\Intel(R) Management Engine Components\DAL;C:\Program Files\Intel\Intel(R) Management Engine Components\IPT;C:\Program Files (x86)\Intel\Intel(R) Management Engine Components\DAL;C:\Program Files (x86)\Intel\Intel(R) Management Engine Components\IPT;C:\Program Files\Common Files\Autodesk Shared\;C:\Program Files (x86)\Autodesk\Backburner\;C:\Andrei\geth;C:\WINDOWS\System32\OpenSSH\;C:\Program Files\Git\cmd;C:\Program Files\Git\mingw64\bin;C:\Program Files\Git\usr\bin;C:\Users\cristina\AppData\Local\Microsoft\WindowsApps;;C:\Users\cristina\AppData\Local\Programs\Microsoft VS Code\bin;C:\Andrei\VSCode\bin;C:\Program Files\JetBrains\IntelliJ IDEA Community Edition 2019.3.1\bin;
USERNAME=cristina
OS=Windows_NT
PROCESSOR_IDENTIFIER=Intel64 Family 6 Model 58 Stepping 9, GenuineIntel



---------------  S Y S T E M  ---------------

OS: Windows 10 , 64 bit Build 17763 (10.0.17763.475)

CPU:total 4 (initial active 4) (4 cores per cpu, 1 threads per core) family 6 model 58 stepping 9, cmov, cx8, fxsr, mmx, sse, sse2, sse3, ssse3, sse4.1, sse4.2, popcnt, avx, aes, clmul, erms, tsc, tscinvbit, tscinv

Memory: 4k page, system-wide physical 6082M (512M free)
TotalPageFile size 10178M (AvailPageFile size 50M)
current process WorkingSet (physical memory assigned to process): 10M, peak: 10M
current process commit charge ("private bytes"): 52M, peak: 148M

vm_info: Java HotSpot(TM) 64-Bit Server VM (13.0.1+9) for windows-amd64 JRE (13.0.1+9), built on Oct  6 2019 12:37:49 by "mach5one" with unknown MS VC++:1916

END.
